<?xml version="1.0" encoding="UTF-8"?>
<!-- Generated by org.testng.reporters.JUnitReportReporter -->
<testsuite hostname="DESKTOP-2GJB3PO" failures="0" tests="2" name="cucumber.TestNGTestRunner" time="16.507" errors="0" timestamp="2025-09-28T01:42:31 IST" skipped="0">
  <testcase classname="cucumber.TestNGTestRunner" name="runScenario" time="7.556"/>
  <system-out/>
  <testcase classname="cucumber.TestNGTestRunner" name="runScenario" time="8.951"/>
  <system-out/>
</testsuite> <!-- cucumber.TestNGTestRunner -->
